Using pre-set license
Built from '2020.2/staging' branch; Version is '2020.2.6f1 (8a2143876886) revision 9052483'; Using compiler version '192528614'; Build Type 'Release'
OS: 'Windows 10 Home; OS build 22621.1928; Version 2009; 64bit' Language: 'en' Physical Memory: 32514 MB
BatchMode: 1, IsHumanControllingUs: 0, StartBugReporterOnCrash: 0, Is64bit: 1, IsPro: 0

 COMMAND LINE ARGUMENTS:
C:\Program Files\Unity\Hub\Editor\2020.2.6f1\Editor\Unity.exe
-adb2
-batchMode
-noUpm
-name
AssetImportWorker0
-projectPath
C:/Users/Tomme/Documents/GitHub/ObraDinnTutorial
-logFile
Logs/AssetImportWorker0.log
-srvPort
61280
Successfully changed project path to: C:/Users/Tomme/Documents/GitHub/ObraDinnTutorial
C:/Users/Tomme/Documents/GitHub/ObraDinnTutorial
Using Asset Import Pipeline V2.
Refreshing native plugins compatible for Editor in 17.49 ms, found 0 plugins.
Preloading 0 native plugins for Editor in 0.00 ms.
Initialize engine version: 2020.2.6f1 (8a2143876886)
[Subsystems] Discovering subsystems at path C:/Program Files/Unity/Hub/Editor/2020.2.6f1/Editor/Data/Resources/UnitySubsystems
[Subsystems] Discovering subsystems at path C:/Users/Tomme/Documents/GitHub/ObraDinnTutorial/Assets
GfxDevice: creating device client; threaded=0
Direct3D:
    Version:  Direct3D 11.0 [level 11.1]
    Renderer: NVIDIA GeForce RTX 3080 Laptop GPU (ID=0x24dc)
    Vendor:   
    VRAM:     8031 MB
    Driver:   31.0.15.3640
Initialize mono
Mono path[0] = 'C:/Program Files/Unity/Hub/Editor/2020.2.6f1/Editor/Data/Managed'
Mono path[1] = 'C:/Program Files/Unity/Hub/Editor/2020.2.6f1/Editor/Data/MonoBleedingEdge/lib/mono/unityjit'
Mono config path = 'C:/Program Files/Unity/Hub/Editor/2020.2.6f1/Editor/Data/MonoBleedingEdge/etc'
Using monoOptions --debugger-agent=transport=dt_socket,embedding=1,server=y,suspend=n,address=127.0.0.1:56764
Begin MonoManager ReloadAssembly
Registering precompiled unity dll's ...
Register platform support module: C:/Program Files/Unity/Hub/Editor/2020.2.6f1/Editor/Data/PlaybackEngines/WindowsStandaloneSupport/UnityEditor.WindowsStandalone.Extensions.dll
Registered in 0.001030 seconds.
Native extension for WindowsStandalone target not found
Refreshing native plugins compatible for Editor in 18.06 ms, found 0 plugins.
Preloading 0 native plugins for Editor in 0.00 ms.
Invoked RoslynAnalysisRunner static constructor.
RoslynAnalysisRunner will not be running.
RoslynAnalysisRunner has terminated.
Mono: successfully reloaded assembly
- Completed reload, in  1.456 seconds
Platform modules already initialized, skipping
Registering precompiled user dll's ...
Registered in 0.000462 seconds.
Begin MonoManager ReloadAssembly
Native extension for WindowsStandalone target not found
Refreshing native plugins compatible for Editor in 0.25 ms, found 0 plugins.
Preloading 0 native plugins for Editor in 0.00 ms.
Invoked RoslynAnalysisRunner static constructor.
RoslynAnalysisRunner will not be running.
RoslynAnalysisRunner has terminated.
Mono: successfully reloaded assembly
- Completed reload, in  0.539 seconds
Platform modules already initialized, skipping
========================================================================
Worker process is ready to serve import requests
Launched and connected shader compiler UnityShaderCompiler.exe after 0.03 seconds
Refreshing native plugins compatible for Editor in 0.21 ms, found 0 plugins.
Preloading 0 native plugins for Editor in 0.00 ms.
Unloading 1125 Unused Serialized files (Serialized files now loaded: 0)
System memory in use before: 70.4 MB.
System memory in use after: 70.5 MB.

Unloading 9 unused Assets to reduce memory usage. Loaded Objects now: 1584.
Total: 1.408800 ms (FindLiveObjects: 0.111700 ms CreateObjectMapping: 0.021300 ms MarkObjects: 1.203600 ms  DeleteObjects: 0.071200 ms)

========================================================================
Received Import Request.
  path: Assets/Import/1 yen.prefab
  artifactKey: Guid(5d0d5ea1f34308c41a6a439247a86007) Importer(815301076,1909f56bfc062723c751e8b465ee728b)
Start importing Assets/Import/1 yen.prefab using Guid(5d0d5ea1f34308c41a6a439247a86007) Importer(815301076,1909f56bfc062723c751e8b465ee728b)  -> (artifact id: 'e401b14a45ce9f33fcc93cad33f2b1ee') in 0.085182 seconds
  Import took 0.087040 seconds .

========================================================================
Received Import Request.
  Time since last request: 5.203394 seconds.
  path: Assets/Import/1 yen.prefab
  artifactKey: Guid(5d0d5ea1f34308c41a6a439247a86007) Importer(815301076,1909f56bfc062723c751e8b465ee728b)
Start importing Assets/Import/1 yen.prefab using Guid(5d0d5ea1f34308c41a6a439247a86007) Importer(815301076,1909f56bfc062723c751e8b465ee728b)  -> (artifact id: 'e071b9c9761d9f891a3c2c2b3b07afc1') in 0.010598 seconds
  Import took 0.012514 seconds .

========================================================================
Received Import Request.
  Time since last request: 11.021670 seconds.
  path: Assets/Import/1 yen.prefab
  artifactKey: Guid(5d0d5ea1f34308c41a6a439247a86007) Importer(815301076,1909f56bfc062723c751e8b465ee728b)
Start importing Assets/Import/1 yen.prefab using Guid(5d0d5ea1f34308c41a6a439247a86007) Importer(815301076,1909f56bfc062723c751e8b465ee728b)  -> (artifact id: '3aabd992ec65dec91bf894035445ba08') in 0.007547 seconds
  Import took 0.009393 seconds .

========================================================================
Received Import Request.
  Time since last request: 0.590481 seconds.
  path: Assets/Import/1 yen.prefab
  artifactKey: Guid(5d0d5ea1f34308c41a6a439247a86007) Importer(815301076,1909f56bfc062723c751e8b465ee728b)
Start importing Assets/Import/1 yen.prefab using Guid(5d0d5ea1f34308c41a6a439247a86007) Importer(815301076,1909f56bfc062723c751e8b465ee728b)  -> (artifact id: 'dcbf8b89fe9c166c5830f1e7edd162e7') in 0.015388 seconds
  Import took 0.017273 seconds .

========================================================================
Received Import Request.
  Time since last request: 2.520627 seconds.
  path: Assets/Import/1 yen.prefab
  artifactKey: Guid(5d0d5ea1f34308c41a6a439247a86007) Importer(815301076,1909f56bfc062723c751e8b465ee728b)
Start importing Assets/Import/1 yen.prefab using Guid(5d0d5ea1f34308c41a6a439247a86007) Importer(815301076,1909f56bfc062723c751e8b465ee728b)  -> (artifact id: '703ede8e02c8e0bfeca4254cfa94fd49') in 0.011568 seconds
  Import took 0.013314 seconds .

========================================================================
Received Import Request.
  Time since last request: 2.192802 seconds.
  path: Assets/Import/1 yen.prefab
  artifactKey: Guid(5d0d5ea1f34308c41a6a439247a86007) Importer(815301076,1909f56bfc062723c751e8b465ee728b)
Start importing Assets/Import/1 yen.prefab using Guid(5d0d5ea1f34308c41a6a439247a86007) Importer(815301076,1909f56bfc062723c751e8b465ee728b)  -> (artifact id: 'f03ade436e51e1034331e43d5f12980b') in 0.008277 seconds
  Import took 0.010018 seconds .

========================================================================
Received Import Request.
  Time since last request: 0.196216 seconds.
  path: Assets/Import/1 yen.prefab
  artifactKey: Guid(5d0d5ea1f34308c41a6a439247a86007) Importer(815301076,1909f56bfc062723c751e8b465ee728b)
Start importing Assets/Import/1 yen.prefab using Guid(5d0d5ea1f34308c41a6a439247a86007) Importer(815301076,1909f56bfc062723c751e8b465ee728b)  -> (artifact id: '2cca46be5f2545cba9719846779f34db') in 0.012385 seconds
  Import took 0.014249 seconds .

========================================================================
Received Import Request.
  Time since last request: 2.201188 seconds.
  path: Assets/Import/1 yen.prefab
  artifactKey: Guid(5d0d5ea1f34308c41a6a439247a86007) Importer(815301076,1909f56bfc062723c751e8b465ee728b)
Start importing Assets/Import/1 yen.prefab using Guid(5d0d5ea1f34308c41a6a439247a86007) Importer(815301076,1909f56bfc062723c751e8b465ee728b)  -> (artifact id: '25e8c63e5ef65e073cfa0d8845736bbc') in 0.013427 seconds
  Import took 0.015808 seconds .

========================================================================
Received Import Request.
  Time since last request: 1.796560 seconds.
  path: Assets/Import/1 yen.prefab
  artifactKey: Guid(5d0d5ea1f34308c41a6a439247a86007) Importer(815301076,1909f56bfc062723c751e8b465ee728b)
Start importing Assets/Import/1 yen.prefab using Guid(5d0d5ea1f34308c41a6a439247a86007) Importer(815301076,1909f56bfc062723c751e8b465ee728b)  -> (artifact id: '37343dda7cc00a14995574626710e9b4') in 0.012527 seconds
  Import took 0.014254 seconds .

========================================================================
Received Import Request.
  Time since last request: 0.187443 seconds.
  path: Assets/Import/1 yen.prefab
  artifactKey: Guid(5d0d5ea1f34308c41a6a439247a86007) Importer(815301076,1909f56bfc062723c751e8b465ee728b)
Start importing Assets/Import/1 yen.prefab using Guid(5d0d5ea1f34308c41a6a439247a86007) Importer(815301076,1909f56bfc062723c751e8b465ee728b)  -> (artifact id: 'ec08a9b1049244dbab606ae242c84bc8') in 0.010401 seconds
  Import took 0.012518 seconds .

========================================================================
Received Import Request.
  Time since last request: 2.813781 seconds.
  path: Assets/Import/1 yen.prefab
  artifactKey: Guid(5d0d5ea1f34308c41a6a439247a86007) Importer(815301076,1909f56bfc062723c751e8b465ee728b)
Start importing Assets/Import/1 yen.prefab using Guid(5d0d5ea1f34308c41a6a439247a86007) Importer(815301076,1909f56bfc062723c751e8b465ee728b)  -> (artifact id: '540ba8d91a6950bf91ba58fffb269932') in 0.013029 seconds
  Import took 0.014822 seconds .

========================================================================
Received Import Request.
  Time since last request: 1.799842 seconds.
  path: Assets/Import/1 yen.prefab
  artifactKey: Guid(5d0d5ea1f34308c41a6a439247a86007) Importer(815301076,1909f56bfc062723c751e8b465ee728b)
Start importing Assets/Import/1 yen.prefab using Guid(5d0d5ea1f34308c41a6a439247a86007) Importer(815301076,1909f56bfc062723c751e8b465ee728b)  -> (artifact id: '91c1da808a7f075576b90a93feb95565') in 0.008038 seconds
  Import took 0.009869 seconds .

========================================================================
Received Import Request.
  Time since last request: 8.455969 seconds.
  path: Assets/Import/1 yen.prefab
  artifactKey: Guid(5d0d5ea1f34308c41a6a439247a86007) Importer(815301076,1909f56bfc062723c751e8b465ee728b)
Start importing Assets/Import/1 yen.prefab using Guid(5d0d5ea1f34308c41a6a439247a86007) Importer(815301076,1909f56bfc062723c751e8b465ee728b)  -> (artifact id: '5ed25d529852ffde2a24488d3c154bd1') in 0.008321 seconds
  Import took 0.010317 seconds .

========================================================================
Received Import Request.
  Time since last request: 3.419503 seconds.
  path: Assets/Import/1 yen.prefab
  artifactKey: Guid(5d0d5ea1f34308c41a6a439247a86007) Importer(815301076,1909f56bfc062723c751e8b465ee728b)
Start importing Assets/Import/1 yen.prefab using Guid(5d0d5ea1f34308c41a6a439247a86007) Importer(815301076,1909f56bfc062723c751e8b465ee728b)  -> (artifact id: 'af41e2b5983fe4f126c00dde4e2b7f1e') in 0.007003 seconds
  Import took 0.008793 seconds .

========================================================================
Received Import Request.
  Time since last request: 42.936447 seconds.
  path: Assets/Import/1 yen.prefab
  artifactKey: Guid(5d0d5ea1f34308c41a6a439247a86007) Importer(815301076,1909f56bfc062723c751e8b465ee728b)
Start importing Assets/Import/1 yen.prefab using Guid(5d0d5ea1f34308c41a6a439247a86007) Importer(815301076,1909f56bfc062723c751e8b465ee728b)  -> (artifact id: '18df2b4ff6b2b25298c4dc8cde8b9ad4') in 0.007196 seconds
  Import took 0.009213 seconds .

========================================================================
Received Import Request.
  Time since last request: 5.623425 seconds.
  path: Assets/Import/1 yen.prefab
  artifactKey: Guid(5d0d5ea1f34308c41a6a439247a86007) Importer(815301076,1909f56bfc062723c751e8b465ee728b)
Start importing Assets/Import/1 yen.prefab using Guid(5d0d5ea1f34308c41a6a439247a86007) Importer(815301076,1909f56bfc062723c751e8b465ee728b)  -> (artifact id: '91d38849148c21a7792c40ddecefdb87') in 0.007835 seconds
  Import took 0.009910 seconds .

========================================================================
Received Import Request.
  Time since last request: 3.418750 seconds.
  path: Assets/Import/1 yen.prefab
  artifactKey: Guid(5d0d5ea1f34308c41a6a439247a86007) Importer(815301076,1909f56bfc062723c751e8b465ee728b)
Start importing Assets/Import/1 yen.prefab using Guid(5d0d5ea1f34308c41a6a439247a86007) Importer(815301076,1909f56bfc062723c751e8b465ee728b)  -> (artifact id: '596837e77d37c69cca2fb5ce3a4a4c26') in 0.011182 seconds
  Import took 0.013414 seconds .

========================================================================
Received Import Request.
  Time since last request: 4.412393 seconds.
  path: Assets/Import/1 yen.prefab
  artifactKey: Guid(5d0d5ea1f34308c41a6a439247a86007) Importer(815301076,1909f56bfc062723c751e8b465ee728b)
Start importing Assets/Import/1 yen.prefab using Guid(5d0d5ea1f34308c41a6a439247a86007) Importer(815301076,1909f56bfc062723c751e8b465ee728b)  -> (artifact id: 'b7cfbca58255b9b3b0ab6715414834b3') in 0.011613 seconds
  Import took 0.013378 seconds .

========================================================================
Received Import Request.
  Time since last request: 4.022517 seconds.
  path: Assets/Import/1 yen.prefab
  artifactKey: Guid(5d0d5ea1f34308c41a6a439247a86007) Importer(815301076,1909f56bfc062723c751e8b465ee728b)
Start importing Assets/Import/1 yen.prefab using Guid(5d0d5ea1f34308c41a6a439247a86007) Importer(815301076,1909f56bfc062723c751e8b465ee728b)  -> (artifact id: 'db87bc3b3699fe868ff5d6154d7b1c8b') in 0.012210 seconds
  Import took 0.014203 seconds .

========================================================================
Received Import Request.
  Time since last request: 5.235446 seconds.
  path: Assets/Import/1 yen.prefab
  artifactKey: Guid(5d0d5ea1f34308c41a6a439247a86007) Importer(815301076,1909f56bfc062723c751e8b465ee728b)
Start importing Assets/Import/1 yen.prefab using Guid(5d0d5ea1f34308c41a6a439247a86007) Importer(815301076,1909f56bfc062723c751e8b465ee728b)  -> (artifact id: 'fa5682a4a4c04d0d2090d2abb2c9ff3a') in 0.011633 seconds
  Import took 0.013507 seconds .

========================================================================
Received Import Request.
  Time since last request: 2.603042 seconds.
  path: Assets/Import/1 yen.prefab
  artifactKey: Guid(5d0d5ea1f34308c41a6a439247a86007) Importer(815301076,1909f56bfc062723c751e8b465ee728b)
Start importing Assets/Import/1 yen.prefab using Guid(5d0d5ea1f34308c41a6a439247a86007) Importer(815301076,1909f56bfc062723c751e8b465ee728b)  -> (artifact id: '042c3be1eac1ce4bf0725841711940c4') in 0.009312 seconds
  Import took 0.011229 seconds .

========================================================================
Received Import Request.
  Time since last request: 3.829774 seconds.
  path: Assets/Import/1 yen.prefab
  artifactKey: Guid(5d0d5ea1f34308c41a6a439247a86007) Importer(815301076,1909f56bfc062723c751e8b465ee728b)
Start importing Assets/Import/1 yen.prefab using Guid(5d0d5ea1f34308c41a6a439247a86007) Importer(815301076,1909f56bfc062723c751e8b465ee728b)  -> (artifact id: '79f8751616c27026d944c8cec84c033a') in 0.008510 seconds
  Import took 0.010525 seconds .

========================================================================
Received Import Request.
  Time since last request: 3.212258 seconds.
  path: Assets/Import/1 yen.prefab
  artifactKey: Guid(5d0d5ea1f34308c41a6a439247a86007) Importer(815301076,1909f56bfc062723c751e8b465ee728b)
Start importing Assets/Import/1 yen.prefab using Guid(5d0d5ea1f34308c41a6a439247a86007) Importer(815301076,1909f56bfc062723c751e8b465ee728b)  -> (artifact id: '0f063e09a64df53aa9b5a8b171182504') in 0.010823 seconds
  Import took 0.012991 seconds .

========================================================================
Received Import Request.
  Time since last request: 12.683597 seconds.
  path: Assets/Import/1 yen.prefab
  artifactKey: Guid(5d0d5ea1f34308c41a6a439247a86007) Importer(815301076,1909f56bfc062723c751e8b465ee728b)
Start importing Assets/Import/1 yen.prefab using Guid(5d0d5ea1f34308c41a6a439247a86007) Importer(815301076,1909f56bfc062723c751e8b465ee728b)  -> (artifact id: 'c0da4662d07db191daaf8c19b28410e8') in 0.012835 seconds
  Import took 0.014938 seconds .

========================================================================
Received Import Request.
  Time since last request: 5.825230 seconds.
  path: Assets/Import/1 yen.prefab
  artifactKey: Guid(5d0d5ea1f34308c41a6a439247a86007) Importer(815301076,1909f56bfc062723c751e8b465ee728b)
Start importing Assets/Import/1 yen.prefab using Guid(5d0d5ea1f34308c41a6a439247a86007) Importer(815301076,1909f56bfc062723c751e8b465ee728b)  -> (artifact id: '78a011585abfce726c251d96f4adc73b') in 0.007703 seconds
  Import took 0.009568 seconds .

========================================================================
Received Import Request.
  Time since last request: 8.272603 seconds.
  path: Assets/Import/1 yen.prefab
  artifactKey: Guid(5d0d5ea1f34308c41a6a439247a86007) Importer(815301076,1909f56bfc062723c751e8b465ee728b)
Start importing Assets/Import/1 yen.prefab using Guid(5d0d5ea1f34308c41a6a439247a86007) Importer(815301076,1909f56bfc062723c751e8b465ee728b)  -> (artifact id: '3bb4a5ddf0129c662ea9bdcc4c85652a') in 0.008271 seconds
  Import took 0.010226 seconds .

========================================================================
Received Import Request.
  Time since last request: 7.642547 seconds.
  path: Assets/Import/1 yen.prefab
  artifactKey: Guid(5d0d5ea1f34308c41a6a439247a86007) Importer(815301076,1909f56bfc062723c751e8b465ee728b)
Start importing Assets/Import/1 yen.prefab using Guid(5d0d5ea1f34308c41a6a439247a86007) Importer(815301076,1909f56bfc062723c751e8b465ee728b)  -> (artifact id: '30a465c0e83bb6f9a89583c6aa721128') in 0.012195 seconds
  Import took 0.014225 seconds .

========================================================================
Received Import Request.
  Time since last request: 8.855778 seconds.
  path: Assets/Import/1 yen.prefab
  artifactKey: Guid(5d0d5ea1f34308c41a6a439247a86007) Importer(815301076,1909f56bfc062723c751e8b465ee728b)
Start importing Assets/Import/1 yen.prefab using Guid(5d0d5ea1f34308c41a6a439247a86007) Importer(815301076,1909f56bfc062723c751e8b465ee728b)  -> (artifact id: 'b9c1db28ce560ca84f3ca533e423b7f7') in 0.012584 seconds
  Import took 0.014675 seconds .

========================================================================
Received Import Request.
  Time since last request: 7.243048 seconds.
  path: Assets/Import/1 yen.prefab
  artifactKey: Guid(5d0d5ea1f34308c41a6a439247a86007) Importer(815301076,1909f56bfc062723c751e8b465ee728b)
Start importing Assets/Import/1 yen.prefab using Guid(5d0d5ea1f34308c41a6a439247a86007) Importer(815301076,1909f56bfc062723c751e8b465ee728b)  -> (artifact id: '1279b7b5936532e0ad2fd74a1f91bcf5') in 0.009509 seconds
  Import took 0.011436 seconds .

========================================================================
Received Import Request.
  Time since last request: 9.924041 seconds.
  path: Assets/Import/1 yen.prefab
  artifactKey: Guid(5d0d5ea1f34308c41a6a439247a86007) Importer(815301076,1909f56bfc062723c751e8b465ee728b)
Start importing Assets/Import/1 yen.prefab using Guid(5d0d5ea1f34308c41a6a439247a86007) Importer(815301076,1909f56bfc062723c751e8b465ee728b)  -> (artifact id: '7ea57d24f35c9c5238ec2598cf47a102') in 0.007764 seconds
  Import took 0.009729 seconds .

========================================================================
Received Import Request.
  Time since last request: 7.252588 seconds.
  path: Assets/Import/1 yen.prefab
  artifactKey: Guid(5d0d5ea1f34308c41a6a439247a86007) Importer(815301076,1909f56bfc062723c751e8b465ee728b)
Start importing Assets/Import/1 yen.prefab using Guid(5d0d5ea1f34308c41a6a439247a86007) Importer(815301076,1909f56bfc062723c751e8b465ee728b)  -> (artifact id: '5bc7322e9373e8de30d01157bf487e64') in 0.009861 seconds
  Import took 0.012268 seconds .

========================================================================
Received Import Request.
  Time since last request: 1.197024 seconds.
  path: Assets/Import/1 yen.prefab
  artifactKey: Guid(5d0d5ea1f34308c41a6a439247a86007) Importer(815301076,1909f56bfc062723c751e8b465ee728b)
Start importing Assets/Import/1 yen.prefab using Guid(5d0d5ea1f34308c41a6a439247a86007) Importer(815301076,1909f56bfc062723c751e8b465ee728b)  -> (artifact id: '0dde6a671cccd258cdc3890031a30eb4') in 0.006898 seconds
  Import took 0.008706 seconds .

========================================================================
Received Import Request.
  Time since last request: 3.821175 seconds.
  path: Assets/Import/1 yen.prefab
  artifactKey: Guid(5d0d5ea1f34308c41a6a439247a86007) Importer(815301076,1909f56bfc062723c751e8b465ee728b)
Start importing Assets/Import/1 yen.prefab using Guid(5d0d5ea1f34308c41a6a439247a86007) Importer(815301076,1909f56bfc062723c751e8b465ee728b)  -> (artifact id: '000156156911567356c9d7d210e03412') in 0.011224 seconds
  Import took 0.013355 seconds .

========================================================================
Received Import Request.
  Time since last request: 2.407082 seconds.
  path: Assets/Import/1 yen.prefab
  artifactKey: Guid(5d0d5ea1f34308c41a6a439247a86007) Importer(815301076,1909f56bfc062723c751e8b465ee728b)
Start importing Assets/Import/1 yen.prefab using Guid(5d0d5ea1f34308c41a6a439247a86007) Importer(815301076,1909f56bfc062723c751e8b465ee728b)  -> (artifact id: '3f4e31bb67b9bf037ed2b05377ad5d51') in 0.009000 seconds
  Import took 0.010982 seconds .

========================================================================
Received Import Request.
  Time since last request: 5.851284 seconds.
  path: Assets/Import/1 yen.prefab
  artifactKey: Guid(5d0d5ea1f34308c41a6a439247a86007) Importer(815301076,1909f56bfc062723c751e8b465ee728b)
Start importing Assets/Import/1 yen.prefab using Guid(5d0d5ea1f34308c41a6a439247a86007) Importer(815301076,1909f56bfc062723c751e8b465ee728b)  -> (artifact id: 'd12c2da800f7f194b45625c077f5406c') in 0.007527 seconds
  Import took 0.009292 seconds .

========================================================================
Received Import Request.
  Time since last request: 6.051778 seconds.
  path: Assets/Import/1 yen.prefab
  artifactKey: Guid(5d0d5ea1f34308c41a6a439247a86007) Importer(815301076,1909f56bfc062723c751e8b465ee728b)
Start importing Assets/Import/1 yen.prefab using Guid(5d0d5ea1f34308c41a6a439247a86007) Importer(815301076,1909f56bfc062723c751e8b465ee728b)  -> (artifact id: '1fb53775b68c0d0a00ca22d10a0da206') in 0.009416 seconds
  Import took 0.011345 seconds .

========================================================================
Received Import Request.
  Time since last request: 4.019107 seconds.
  path: Assets/Import/1 yen.prefab
  artifactKey: Guid(5d0d5ea1f34308c41a6a439247a86007) Importer(815301076,1909f56bfc062723c751e8b465ee728b)
Start importing Assets/Import/1 yen.prefab using Guid(5d0d5ea1f34308c41a6a439247a86007) Importer(815301076,1909f56bfc062723c751e8b465ee728b)  -> (artifact id: '1978447912c5bc544b9797ae6bc0f1d8') in 0.007457 seconds
  Import took 0.009391 seconds .

========================================================================
Received Import Request.
  Time since last request: 12.095322 seconds.
  path: Assets/Import/1 yen.prefab
  artifactKey: Guid(5d0d5ea1f34308c41a6a439247a86007) Importer(815301076,1909f56bfc062723c751e8b465ee728b)
Start importing Assets/Import/1 yen.prefab using Guid(5d0d5ea1f34308c41a6a439247a86007) Importer(815301076,1909f56bfc062723c751e8b465ee728b)  -> (artifact id: 'cb439d5f475ccb022811b2025b344ef9') in 0.007463 seconds
  Import took 0.009377 seconds .

========================================================================
Received Import Request.
  Time since last request: 17.940724 seconds.
  path: Assets/Import/1 yen.prefab
  artifactKey: Guid(5d0d5ea1f34308c41a6a439247a86007) Importer(815301076,1909f56bfc062723c751e8b465ee728b)
Start importing Assets/Import/1 yen.prefab using Guid(5d0d5ea1f34308c41a6a439247a86007) Importer(815301076,1909f56bfc062723c751e8b465ee728b)  -> (artifact id: '9caf971e0029d49a3d2e192441ca2683') in 0.015633 seconds
  Import took 0.017703 seconds .

========================================================================
Received Import Request.
  Time since last request: 28.731822 seconds.
  path: Assets/Import/1 yen.prefab
  artifactKey: Guid(5d0d5ea1f34308c41a6a439247a86007) Importer(815301076,1909f56bfc062723c751e8b465ee728b)
Start importing Assets/Import/1 yen.prefab using Guid(5d0d5ea1f34308c41a6a439247a86007) Importer(815301076,1909f56bfc062723c751e8b465ee728b)  -> (artifact id: '45b15db50b3db332aebf7308c06501ca') in 0.007562 seconds
  Import took 0.009789 seconds .

========================================================================
Received Import Request.
  Time since last request: 5.860417 seconds.
  path: Assets/Import/1 yen.prefab
  artifactKey: Guid(5d0d5ea1f34308c41a6a439247a86007) Importer(815301076,1909f56bfc062723c751e8b465ee728b)
Start importing Assets/Import/1 yen.prefab using Guid(5d0d5ea1f34308c41a6a439247a86007) Importer(815301076,1909f56bfc062723c751e8b465ee728b)  -> (artifact id: '83d5ba5ddc075c0bb9a47a9690c0787d') in 0.010924 seconds
  Import took 0.012879 seconds .

========================================================================
Received Import Request.
  Time since last request: 5.432265 seconds.
  path: Assets/Import/1 yen.prefab
  artifactKey: Guid(5d0d5ea1f34308c41a6a439247a86007) Importer(815301076,1909f56bfc062723c751e8b465ee728b)
Start importing Assets/Import/1 yen.prefab using Guid(5d0d5ea1f34308c41a6a439247a86007) Importer(815301076,1909f56bfc062723c751e8b465ee728b)  -> (artifact id: '38561f298443a02749313413f137d7e9') in 0.011305 seconds
  Import took 0.013256 seconds .

========================================================================
Received Import Request.
  Time since last request: 3.422057 seconds.
  path: Assets/Import/1 yen.prefab
  artifactKey: Guid(5d0d5ea1f34308c41a6a439247a86007) Importer(815301076,1909f56bfc062723c751e8b465ee728b)
Start importing Assets/Import/1 yen.prefab using Guid(5d0d5ea1f34308c41a6a439247a86007) Importer(815301076,1909f56bfc062723c751e8b465ee728b)  -> (artifact id: '81556c82ca2a727b4fbe881e6654d786') in 0.007127 seconds
  Import took 0.009508 seconds .

========================================================================
Received Import Request.
  Time since last request: 21.133159 seconds.
  path: ProjectSettings/TagManager.asset
  artifactKey: Guid(00000000000000003000000000000000) Importer(815301076,1909f56bfc062723c751e8b465ee728b)
Start importing ProjectSettings/TagManager.asset using Guid(00000000000000003000000000000000) Importer(815301076,1909f56bfc062723c751e8b465ee728b)  -> (artifact id: 'bfe9282ef8090b88199819c156ab0028') in 0.008411 seconds
  Import took 0.010293 seconds .

========================================================================
Received Import Request.
  Time since last request: 38.884452 seconds.
  path: Assets/Import/1 yen.prefab
  artifactKey: Guid(5d0d5ea1f34308c41a6a439247a86007) Importer(815301076,1909f56bfc062723c751e8b465ee728b)
Start importing Assets/Import/1 yen.prefab using Guid(5d0d5ea1f34308c41a6a439247a86007) Importer(815301076,1909f56bfc062723c751e8b465ee728b)  -> (artifact id: 'a0f94a5cbfb9ba0e6d4cbcb8a7917d96') in 0.010579 seconds
  Import took 0.012565 seconds .

========================================================================
Received Import Request.
  Time since last request: 6.722075 seconds.
  path: Assets/Import/1 yen.prefab
  artifactKey: Guid(5d0d5ea1f34308c41a6a439247a86007) Importer(815301076,1909f56bfc062723c751e8b465ee728b)
Start importing Assets/Import/1 yen.prefab using Guid(5d0d5ea1f34308c41a6a439247a86007) Importer(815301076,1909f56bfc062723c751e8b465ee728b)  -> (artifact id: 'bc7e6e18296fc9dac4ae78671fd8433d') in 0.008417 seconds
  Import took 0.010286 seconds .

========================================================================
Received Import Request.
  Time since last request: 1.987276 seconds.
  path: Assets/Import/1 yen.prefab
  artifactKey: Guid(5d0d5ea1f34308c41a6a439247a86007) Importer(815301076,1909f56bfc062723c751e8b465ee728b)
Start importing Assets/Import/1 yen.prefab using Guid(5d0d5ea1f34308c41a6a439247a86007) Importer(815301076,1909f56bfc062723c751e8b465ee728b)  -> (artifact id: 'abec940e7baa684ce79457fd601cc274') in 0.007816 seconds
  Import took 0.009882 seconds .

========================================================================
Received Import Request.
  Time since last request: 147.710609 seconds.
  path: ProjectSettings/TagManager.asset
  artifactKey: Guid(00000000000000003000000000000000) Importer(815301076,1909f56bfc062723c751e8b465ee728b)
Start importing ProjectSettings/TagManager.asset using Guid(00000000000000003000000000000000) Importer(815301076,1909f56bfc062723c751e8b465ee728b)  -> (artifact id: 'cbf0d903fd71bc1257faad1aafd3646f') in 0.002262 seconds
  Import took 0.004002 seconds .

========================================================================
Received Import Request.
  Time since last request: 74.908852 seconds.
  path: Assets/Import/1 yen.prefab
  artifactKey: Guid(5d0d5ea1f34308c41a6a439247a86007) Importer(815301076,1909f56bfc062723c751e8b465ee728b)
Start importing Assets/Import/1 yen.prefab using Guid(5d0d5ea1f34308c41a6a439247a86007) Importer(815301076,1909f56bfc062723c751e8b465ee728b)  -> (artifact id: '9241502c7acfb2dd628cc93818dd36d4') in 0.007560 seconds
  Import took 0.009990 seconds .

========================================================================
Received Import Request.
  Time since last request: 10.266820 seconds.
  path: Assets/Import/1 yen.prefab
  artifactKey: Guid(5d0d5ea1f34308c41a6a439247a86007) Importer(815301076,1909f56bfc062723c751e8b465ee728b)
Start importing Assets/Import/1 yen.prefab using Guid(5d0d5ea1f34308c41a6a439247a86007) Importer(815301076,1909f56bfc062723c751e8b465ee728b)  -> (artifact id: '49a0b1be744f57811ebe0368d017b284') in 0.010867 seconds
  Import took 0.012720 seconds .

========================================================================
Received Import Request.
  Time since last request: 4.213420 seconds.
  path: Assets/Import/1 yen.prefab
  artifactKey: Guid(5d0d5ea1f34308c41a6a439247a86007) Importer(815301076,1909f56bfc062723c751e8b465ee728b)
Start importing Assets/Import/1 yen.prefab using Guid(5d0d5ea1f34308c41a6a439247a86007) Importer(815301076,1909f56bfc062723c751e8b465ee728b)  -> (artifact id: 'a9e5b774e2acd8b77a7652e0b2188aec') in 0.011197 seconds
  Import took 0.013294 seconds .

========================================================================
Received Import Request.
  Time since last request: 23.996685 seconds.
  path: Assets/Import/1 yen.prefab
  artifactKey: Guid(5d0d5ea1f34308c41a6a439247a86007) Importer(815301076,1909f56bfc062723c751e8b465ee728b)
Start importing Assets/Import/1 yen.prefab using Guid(5d0d5ea1f34308c41a6a439247a86007) Importer(815301076,1909f56bfc062723c751e8b465ee728b)  -> (artifact id: '85c16eebcd79177e05312f4e60d8f18a') in 0.008250 seconds
  Import took 0.010139 seconds .

========================================================================
Received Import Request.
  Time since last request: 1.722161 seconds.
  path: Assets/Import/1 yen.prefab
  artifactKey: Guid(5d0d5ea1f34308c41a6a439247a86007) Importer(815301076,1909f56bfc062723c751e8b465ee728b)
Start importing Assets/Import/1 yen.prefab using Guid(5d0d5ea1f34308c41a6a439247a86007) Importer(815301076,1909f56bfc062723c751e8b465ee728b)  -> (artifact id: '69bc695c8cfddcf61d3662dc6bef678d') in 0.008332 seconds
  Import took 0.010251 seconds .

========================================================================
Received Import Request.
  Time since last request: 3.351988 seconds.
  path: Assets/Import/1 yen.prefab
  artifactKey: Guid(5d0d5ea1f34308c41a6a439247a86007) Importer(815301076,1909f56bfc062723c751e8b465ee728b)
Start importing Assets/Import/1 yen.prefab using Guid(5d0d5ea1f34308c41a6a439247a86007) Importer(815301076,1909f56bfc062723c751e8b465ee728b)  -> (artifact id: 'e843a468f1441ec5a5a981e0d252297f') in 0.011761 seconds
  Import took 0.013598 seconds .

========================================================================
Received Import Request.
  Time since last request: 1.204561 seconds.
  path: Assets/Import/1 yen.prefab
  artifactKey: Guid(5d0d5ea1f34308c41a6a439247a86007) Importer(815301076,1909f56bfc062723c751e8b465ee728b)
Start importing Assets/Import/1 yen.prefab using Guid(5d0d5ea1f34308c41a6a439247a86007) Importer(815301076,1909f56bfc062723c751e8b465ee728b)  -> (artifact id: 'bf1e66f8f00af005c890a9bd58bf44d0') in 0.008681 seconds
  Import took 0.010647 seconds .

========================================================================
Received Prepare
Registering precompiled user dll's ...
Registered in 0.000484 seconds.
Begin MonoManager ReloadAssembly
Native extension for WindowsStandalone target not found
Refreshing native plugins compatible for Editor in 0.19 ms, found 0 plugins.
Preloading 0 native plugins for Editor in 0.00 ms.
Invoked RoslynAnalysisRunner static constructor.
RoslynAnalysisRunner will not be running.
RoslynAnalysisRunner has terminated.
Mono: successfully reloaded assembly
- Completed reload, in  0.487 seconds
Platform modules already initialized, skipping
Refreshing native plugins compatible for Editor in 0.19 ms, found 0 plugins.
Preloading 0 native plugins for Editor in 0.00 ms.
Unloading 1116 Unused Serialized files (Serialized files now loaded: 0)
System memory in use before: 73.3 MB.
System memory in use after: 73.4 MB.

Unloading 6 unused Assets to reduce memory usage. Loaded Objects now: 1594.
Total: 1.385000 ms (FindLiveObjects: 0.112700 ms CreateObjectMapping: 0.022300 ms MarkObjects: 1.235400 ms  DeleteObjects: 0.013900 ms)

========================================================================
Received Import Request.
  Time since last request: 164.414811 seconds.
  path: Assets/Import/1 yen.prefab
  artifactKey: Guid(5d0d5ea1f34308c41a6a439247a86007) Importer(815301076,1909f56bfc062723c751e8b465ee728b)
Start importing Assets/Import/1 yen.prefab using Guid(5d0d5ea1f34308c41a6a439247a86007) Importer(815301076,1909f56bfc062723c751e8b465ee728b)  -> (artifact id: '11036fd910e09e6bfb0075ef77bc241b') in 0.042473 seconds
  Import took 0.044229 seconds .

========================================================================
Received Import Request.
  Time since last request: 3.764318 seconds.
  path: Assets/Import/1 yen.prefab
  artifactKey: Guid(5d0d5ea1f34308c41a6a439247a86007) Importer(815301076,1909f56bfc062723c751e8b465ee728b)
Start importing Assets/Import/1 yen.prefab using Guid(5d0d5ea1f34308c41a6a439247a86007) Importer(815301076,1909f56bfc062723c751e8b465ee728b)  -> (artifact id: '7d20d5a7c8809ebe9efae1e6b94d74c9') in 0.012674 seconds
  Import took 0.014483 seconds .

========================================================================
Received Prepare
Registering precompiled user dll's ...
Registered in 0.000501 seconds.
Begin MonoManager ReloadAssembly
Native extension for WindowsStandalone target not found
Refreshing native plugins compatible for Editor in 0.21 ms, found 0 plugins.
Preloading 0 native plugins for Editor in 0.00 ms.
Invoked RoslynAnalysisRunner static constructor.
RoslynAnalysisRunner will not be running.
RoslynAnalysisRunner has terminated.
Mono: successfully reloaded assembly
- Completed reload, in  0.557 seconds
Platform modules already initialized, skipping
Refreshing native plugins compatible for Editor in 0.19 ms, found 0 plugins.
Preloading 0 native plugins for Editor in 0.00 ms.
Unloading 1116 Unused Serialized files (Serialized files now loaded: 0)
System memory in use before: 73.3 MB.
System memory in use after: 73.4 MB.

Unloading 4 unused Assets to reduce memory usage. Loaded Objects now: 1597.
Total: 1.459600 ms (FindLiveObjects: 0.092100 ms CreateObjectMapping: 0.020300 ms MarkObjects: 1.329300 ms  DeleteObjects: 0.017000 ms)

========================================================================
Received Prepare
Registering precompiled user dll's ...
Registered in 0.000383 seconds.
Begin MonoManager ReloadAssembly
Native extension for WindowsStandalone target not found
Refreshing native plugins compatible for Editor in 0.18 ms, found 0 plugins.
Preloading 0 native plugins for Editor in 0.00 ms.
Invoked RoslynAnalysisRunner static constructor.
RoslynAnalysisRunner will not be running.
RoslynAnalysisRunner has terminated.
Mono: successfully reloaded assembly
- Completed reload, in  0.507 seconds
Platform modules already initialized, skipping
Refreshing native plugins compatible for Editor in 0.23 ms, found 0 plugins.
Preloading 0 native plugins for Editor in 0.00 ms.
Unloading 1117 Unused Serialized files (Serialized files now loaded: 0)
System memory in use before: 73.3 MB.
System memory in use after: 73.4 MB.

Unloading 4 unused Assets to reduce memory usage. Loaded Objects now: 1600.
Total: 1.493300 ms (FindLiveObjects: 0.107900 ms CreateObjectMapping: 0.021200 ms MarkObjects: 1.347300 ms  DeleteObjects: 0.015400 ms)

========================================================================
Received Import Request.
  Time since last request: 129.762867 seconds.
  path: Assets/Import/1 yen.prefab
  artifactKey: Guid(5d0d5ea1f34308c41a6a439247a86007) Importer(815301076,1909f56bfc062723c751e8b465ee728b)
Start importing Assets/Import/1 yen.prefab using Guid(5d0d5ea1f34308c41a6a439247a86007) Importer(815301076,1909f56bfc062723c751e8b465ee728b)  -> (artifact id: 'fe398e086058eb20959defe7c62e5301') in 0.038965 seconds
  Import took 0.040746 seconds .

========================================================================
Received Prepare
Registering precompiled user dll's ...
Registered in 0.000473 seconds.
Begin MonoManager ReloadAssembly
Native extension for WindowsStandalone target not found
Refreshing native plugins compatible for Editor in 0.30 ms, found 0 plugins.
Preloading 0 native plugins for Editor in 0.00 ms.
Invoked RoslynAnalysisRunner static constructor.
RoslynAnalysisRunner will not be running.
RoslynAnalysisRunner has terminated.
Mono: successfully reloaded assembly
- Completed reload, in  0.604 seconds
Platform modules already initialized, skipping
Refreshing native plugins compatible for Editor in 0.19 ms, found 0 plugins.
Preloading 0 native plugins for Editor in 0.00 ms.
Unloading 1117 Unused Serialized files (Serialized files now loaded: 0)
System memory in use before: 73.3 MB.
System memory in use after: 73.4 MB.

Unloading 4 unused Assets to reduce memory usage. Loaded Objects now: 1603.
Total: 1.276600 ms (FindLiveObjects: 0.119300 ms CreateObjectMapping: 0.019800 ms MarkObjects: 1.121600 ms  DeleteObjects: 0.014600 ms)

========================================================================
Received Prepare
Registering precompiled user dll's ...
Registered in 0.000485 seconds.
Begin MonoManager ReloadAssembly
Native extension for WindowsStandalone target not found
Refreshing native plugins compatible for Editor in 0.20 ms, found 0 plugins.
Preloading 0 native plugins for Editor in 0.00 ms.
Invoked RoslynAnalysisRunner static constructor.
RoslynAnalysisRunner will not be running.
RoslynAnalysisRunner has terminated.
Mono: successfully reloaded assembly
- Completed reload, in  0.528 seconds
Platform modules already initialized, skipping
Refreshing native plugins compatible for Editor in 0.19 ms, found 0 plugins.
Preloading 0 native plugins for Editor in 0.00 ms.
Unloading 1117 Unused Serialized files (Serialized files now loaded: 0)
System memory in use before: 73.3 MB.
System memory in use after: 73.4 MB.

Unloading 4 unused Assets to reduce memory usage. Loaded Objects now: 1605.
Total: 1.240000 ms (FindLiveObjects: 0.110100 ms CreateObjectMapping: 0.020200 ms MarkObjects: 1.093400 ms  DeleteObjects: 0.014800 ms)

========================================================================
Received Prepare
Registering precompiled user dll's ...
Registered in 0.000503 seconds.
Begin MonoManager ReloadAssembly
Native extension for WindowsStandalone target not found
Refreshing native plugins compatible for Editor in 0.19 ms, found 0 plugins.
Preloading 0 native plugins for Editor in 0.00 ms.
Invoked RoslynAnalysisRunner static constructor.
RoslynAnalysisRunner will not be running.
RoslynAnalysisRunner has terminated.
Mono: successfully reloaded assembly
- Completed reload, in  0.526 seconds
Platform modules already initialized, skipping
Refreshing native plugins compatible for Editor in 0.20 ms, found 0 plugins.
Preloading 0 native plugins for Editor in 0.00 ms.
Unloading 1117 Unused Serialized files (Serialized files now loaded: 0)
System memory in use before: 73.3 MB.
System memory in use after: 73.4 MB.

Unloading 4 unused Assets to reduce memory usage. Loaded Objects now: 1607.
Total: 1.268300 ms (FindLiveObjects: 0.102700 ms CreateObjectMapping: 0.020900 ms MarkObjects: 1.129000 ms  DeleteObjects: 0.014700 ms)

========================================================================
Received Prepare
Registering precompiled user dll's ...
Registered in 0.000432 seconds.
Begin MonoManager ReloadAssembly
Native extension for WindowsStandalone target not found
Refreshing native plugins compatible for Editor in 0.20 ms, found 0 plugins.
Preloading 0 native plugins for Editor in 0.00 ms.
Invoked RoslynAnalysisRunner static constructor.
RoslynAnalysisRunner will not be running.
RoslynAnalysisRunner has terminated.
Mono: successfully reloaded assembly
- Completed reload, in  0.533 seconds
Platform modules already initialized, skipping
Refreshing native plugins compatible for Editor in 0.19 ms, found 0 plugins.
Preloading 0 native plugins for Editor in 0.00 ms.
Unloading 1117 Unused Serialized files (Serialized files now loaded: 0)
System memory in use before: 73.4 MB.
System memory in use after: 73.5 MB.

Unloading 4 unused Assets to reduce memory usage. Loaded Objects now: 1609.
Total: 1.344700 ms (FindLiveObjects: 0.098700 ms CreateObjectMapping: 0.019600 ms MarkObjects: 1.211800 ms  DeleteObjects: 0.013800 ms)

========================================================================
Received Prepare
Registering precompiled user dll's ...
Registered in 0.000483 seconds.
Begin MonoManager ReloadAssembly
Native extension for WindowsStandalone target not found
Refreshing native plugins compatible for Editor in 0.19 ms, found 0 plugins.
Preloading 0 native plugins for Editor in 0.00 ms.
Invoked RoslynAnalysisRunner static constructor.
RoslynAnalysisRunner will not be running.
RoslynAnalysisRunner has terminated.
Mono: successfully reloaded assembly
- Completed reload, in  0.501 seconds
Platform modules already initialized, skipping
Refreshing native plugins compatible for Editor in 0.19 ms, found 0 plugins.
Preloading 0 native plugins for Editor in 0.00 ms.
Unloading 1117 Unused Serialized files (Serialized files now loaded: 0)
System memory in use before: 73.4 MB.
System memory in use after: 73.5 MB.

Unloading 4 unused Assets to reduce memory usage. Loaded Objects now: 1611.
Total: 1.242700 ms (FindLiveObjects: 0.094100 ms CreateObjectMapping: 0.026900 ms MarkObjects: 1.107000 ms  DeleteObjects: 0.013400 ms)

========================================================================
Received Import Request.
  Time since last request: 447.688838 seconds.
  path: Assets/Import/1 yen.prefab
  artifactKey: Guid(5d0d5ea1f34308c41a6a439247a86007) Importer(815301076,1909f56bfc062723c751e8b465ee728b)
Start importing Assets/Import/1 yen.prefab using Guid(5d0d5ea1f34308c41a6a439247a86007) Importer(815301076,1909f56bfc062723c751e8b465ee728b)  -> (artifact id: '468fb9b01591074442ee2296cfa28768') in 0.042102 seconds
  Import took 0.043912 seconds .

========================================================================
Received Import Request.
  Time since last request: 9.836392 seconds.
  path: Assets/Import/1 yen.prefab
  artifactKey: Guid(5d0d5ea1f34308c41a6a439247a86007) Importer(815301076,1909f56bfc062723c751e8b465ee728b)
Start importing Assets/Import/1 yen.prefab using Guid(5d0d5ea1f34308c41a6a439247a86007) Importer(815301076,1909f56bfc062723c751e8b465ee728b)  -> (artifact id: '653d3cd6f20d8581d4147801d6b40f3f') in 0.006307 seconds
  Import took 0.008260 seconds .

========================================================================
Received Import Request.
  Time since last request: 10.694678 seconds.
  path: Assets/Import/1 yen.prefab
  artifactKey: Guid(5d0d5ea1f34308c41a6a439247a86007) Importer(815301076,1909f56bfc062723c751e8b465ee728b)
Start importing Assets/Import/1 yen.prefab using Guid(5d0d5ea1f34308c41a6a439247a86007) Importer(815301076,1909f56bfc062723c751e8b465ee728b)  -> (artifact id: '0ea3f534b8417298d5ea8d5e0d0bd05b') in 0.007790 seconds
  Import took 0.009771 seconds .

========================================================================
Received Import Request.
  Time since last request: 7.450755 seconds.
  path: Assets/Import/1 yen.prefab
  artifactKey: Guid(5d0d5ea1f34308c41a6a439247a86007) Importer(815301076,1909f56bfc062723c751e8b465ee728b)
Start importing Assets/Import/1 yen.prefab using Guid(5d0d5ea1f34308c41a6a439247a86007) Importer(815301076,1909f56bfc062723c751e8b465ee728b)  -> (artifact id: '47895c9c8ae28aa45143e23beea8f2ca') in 0.008156 seconds
  Import took 0.010035 seconds .

========================================================================
Received Import Request.
  Time since last request: 3.834449 seconds.
  path: Assets/Import/1 yen.prefab
  artifactKey: Guid(5d0d5ea1f34308c41a6a439247a86007) Importer(815301076,1909f56bfc062723c751e8b465ee728b)
Start importing Assets/Import/1 yen.prefab using Guid(5d0d5ea1f34308c41a6a439247a86007) Importer(815301076,1909f56bfc062723c751e8b465ee728b)  -> (artifact id: '002e585ec633dd30c823ea5710173426') in 0.006602 seconds
  Import took 0.008430 seconds .

========================================================================
Received Import Request.
  Time since last request: 4.433768 seconds.
  path: Assets/Import/1 yen.prefab
  artifactKey: Guid(5d0d5ea1f34308c41a6a439247a86007) Importer(815301076,1909f56bfc062723c751e8b465ee728b)
Start importing Assets/Import/1 yen.prefab using Guid(5d0d5ea1f34308c41a6a439247a86007) Importer(815301076,1909f56bfc062723c751e8b465ee728b)  -> (artifact id: '28fbdbf003a5a8776cade60de01bf5ab') in 0.009806 seconds
  Import took 0.011739 seconds .

========================================================================
Received Import Request.
  Time since last request: 2.615100 seconds.
  path: Assets/Import/1 yen.prefab
  artifactKey: Guid(5d0d5ea1f34308c41a6a439247a86007) Importer(815301076,1909f56bfc062723c751e8b465ee728b)
Start importing Assets/Import/1 yen.prefab using Guid(5d0d5ea1f34308c41a6a439247a86007) Importer(815301076,1909f56bfc062723c751e8b465ee728b)  -> (artifact id: 'ece6d6de6939a557335a9c1cb0ccb96c') in 0.009775 seconds
  Import took 0.011590 seconds .

========================================================================
Received Import Request.
  Time since last request: 2.421811 seconds.
  path: Assets/Import/1 yen.prefab
  artifactKey: Guid(5d0d5ea1f34308c41a6a439247a86007) Importer(815301076,1909f56bfc062723c751e8b465ee728b)
Start importing Assets/Import/1 yen.prefab using Guid(5d0d5ea1f34308c41a6a439247a86007) Importer(815301076,1909f56bfc062723c751e8b465ee728b)  -> (artifact id: '7643a67436ab2ae9345b9790223d63ba') in 0.006900 seconds
  Import took 0.008819 seconds .

========================================================================
Received Import Request.
  Time since last request: 2.612942 seconds.
  path: Assets/Import/1 yen.prefab
  artifactKey: Guid(5d0d5ea1f34308c41a6a439247a86007) Importer(815301076,1909f56bfc062723c751e8b465ee728b)
Start importing Assets/Import/1 yen.prefab using Guid(5d0d5ea1f34308c41a6a439247a86007) Importer(815301076,1909f56bfc062723c751e8b465ee728b)  -> (artifact id: 'f3c1be22153babd44c80b7dd2c1a450a') in 0.007509 seconds
  Import took 0.009329 seconds .

========================================================================
Received Import Request.
  Time since last request: 5.046900 seconds.
  path: Assets/Import/1 yen.prefab
  artifactKey: Guid(5d0d5ea1f34308c41a6a439247a86007) Importer(815301076,1909f56bfc062723c751e8b465ee728b)
Start importing Assets/Import/1 yen.prefab using Guid(5d0d5ea1f34308c41a6a439247a86007) Importer(815301076,1909f56bfc062723c751e8b465ee728b)  -> (artifact id: 'baf154cff24e9883b972b58f8c88b07e') in 0.010143 seconds
  Import took 0.012428 seconds .

========================================================================
Received Import Request.
  Time since last request: 1.595800 seconds.
  path: Assets/Import/1 yen.prefab
  artifactKey: Guid(5d0d5ea1f34308c41a6a439247a86007) Importer(815301076,1909f56bfc062723c751e8b465ee728b)
Start importing Assets/Import/1 yen.prefab using Guid(5d0d5ea1f34308c41a6a439247a86007) Importer(815301076,1909f56bfc062723c751e8b465ee728b)  -> (artifact id: '5b054b7bed48a1a54932b61c7dbab72c') in 0.012186 seconds
  Import took 0.014075 seconds .

========================================================================
Received Import Request.
  Time since last request: 3.618516 seconds.
  path: Assets/Import/1 yen.prefab
  artifactKey: Guid(5d0d5ea1f34308c41a6a439247a86007) Importer(815301076,1909f56bfc062723c751e8b465ee728b)
Start importing Assets/Import/1 yen.prefab using Guid(5d0d5ea1f34308c41a6a439247a86007) Importer(815301076,1909f56bfc062723c751e8b465ee728b)  -> (artifact id: '7b9f48c6d708834f22c354d588612c63') in 0.007233 seconds
  Import took 0.009138 seconds .

========================================================================
Received Import Request.
  Time since last request: 14.540624 seconds.
  path: Assets/Import/1 yen.prefab
  artifactKey: Guid(5d0d5ea1f34308c41a6a439247a86007) Importer(815301076,1909f56bfc062723c751e8b465ee728b)
Start importing Assets/Import/1 yen.prefab using Guid(5d0d5ea1f34308c41a6a439247a86007) Importer(815301076,1909f56bfc062723c751e8b465ee728b)  -> (artifact id: '4e9fcf6929ae20d8d116796902bf5d7c') in 0.008354 seconds
  Import took 0.010220 seconds .

========================================================================
Received Import Request.
  Time since last request: 106.970441 seconds.
  path: ProjectSettings/TagManager.asset
  artifactKey: Guid(00000000000000003000000000000000) Importer(815301076,1909f56bfc062723c751e8b465ee728b)
Start importing ProjectSettings/TagManager.asset using Guid(00000000000000003000000000000000) Importer(815301076,1909f56bfc062723c751e8b465ee728b)  -> (artifact id: 'a638760790386bfdd05caa706216b68b') in 0.002219 seconds
  Import took 0.004152 seconds .

========================================================================
Received Import Request.
  Time since last request: 10.649045 seconds.
  path: Assets/Import/1 yen.prefab
  artifactKey: Guid(5d0d5ea1f34308c41a6a439247a86007) Importer(815301076,1909f56bfc062723c751e8b465ee728b)
Start importing Assets/Import/1 yen.prefab using Guid(5d0d5ea1f34308c41a6a439247a86007) Importer(815301076,1909f56bfc062723c751e8b465ee728b)  -> (artifact id: 'fd2e7affe1731dea80d0dde2771ef0b1') in 0.014145 seconds
  Import took 0.016058 seconds .

========================================================================
Received Import Request.
  Time since last request: 540.703576 seconds.
  path: Assets/Scripts
  artifactKey: Guid(6ea632cce98c2384f8ac6562182e3f58) Importer(815301076,1909f56bfc062723c751e8b465ee728b)
Start importing Assets/Scripts using Guid(6ea632cce98c2384f8ac6562182e3f58) Importer(815301076,1909f56bfc062723c751e8b465ee728b)  -> (artifact id: 'd47f1e3db7edba6802df51b4be51f606') in 0.007522 seconds
  Import took 0.009765 seconds .

========================================================================
Received Import Request.
  Time since last request: 0.002806 seconds.
  path: Assets/Scripts
  artifactKey: Guid(6ea632cce98c2384f8ac6562182e3f58) Importer(815301076,1909f56bfc062723c751e8b465ee728b)
Start importing Assets/Scripts using Guid(6ea632cce98c2384f8ac6562182e3f58) Importer(815301076,1909f56bfc062723c751e8b465ee728b)  -> (artifact id: 'd47f1e3db7edba6802df51b4be51f606') in 0.001733 seconds
  Import took 0.003348 seconds .

========================================================================
Received Import Request.
  Time since last request: 5.037225 seconds.
  path: Assets/Scripts/rotate.cs
  artifactKey: Guid(904400ddb7a3b004eac3391d295ae5ef) Importer(815301076,1909f56bfc062723c751e8b465ee728b)
Start importing Assets/Scripts/rotate.cs using Guid(904400ddb7a3b004eac3391d295ae5ef) Importer(815301076,1909f56bfc062723c751e8b465ee728b)  -> (artifact id: '3f8448b58d5c542a24aa7ca4aee63bdb') in 0.010325 seconds
  Import took 0.012251 seconds .

========================================================================
Received Import Request.
  Time since last request: 0.010310 seconds.
  path: Assets/Scripts/rotate.cs
  artifactKey: Guid(904400ddb7a3b004eac3391d295ae5ef) Importer(815301076,1909f56bfc062723c751e8b465ee728b)
Start importing Assets/Scripts/rotate.cs using Guid(904400ddb7a3b004eac3391d295ae5ef) Importer(815301076,1909f56bfc062723c751e8b465ee728b)  -> (artifact id: '3f8448b58d5c542a24aa7ca4aee63bdb') in 0.002085 seconds
  Import took 0.003971 seconds .

========================================================================
Received Import Request.
  Time since last request: 8.162058 seconds.
  path: Assets/Scripts/ScoreManager.cs
  artifactKey: Guid(adc063bc5a1cfca47a32f3c1643656ec) Importer(815301076,1909f56bfc062723c751e8b465ee728b)
Start importing Assets/Scripts/ScoreManager.cs using Guid(adc063bc5a1cfca47a32f3c1643656ec) Importer(815301076,1909f56bfc062723c751e8b465ee728b)  -> (artifact id: 'cb96d3a8fe1a84967c29513e494f9ddf') in 0.007188 seconds
  Import took 0.009235 seconds .

========================================================================
Received Import Request.
  Time since last request: 557.437763 seconds.
  path: Assets/Scripts/ScoreManager.cs
  artifactKey: Guid(adc063bc5a1cfca47a32f3c1643656ec) Importer(815301076,1909f56bfc062723c751e8b465ee728b)
Start importing Assets/Scripts/ScoreManager.cs using Guid(adc063bc5a1cfca47a32f3c1643656ec) Importer(815301076,1909f56bfc062723c751e8b465ee728b)  -> (artifact id: 'ff97c6235d1442feb92f498b18b0f0ce') in 0.002371 seconds
  Import took 0.004778 seconds .

AssetImportWorkerClient::OnTransportError - code=2 error=End of file
